<?xml version="1.0" encoding="UTF-8"?><testsuite errors="1" failures="0" name="Proyect U Test" skipped="0" tests="1" time="31.73" timestamp="2021-11-01 11:56:57"><testcase name="automation of a test"><error message="Arity mismatch: Step Definition 'proyectoutest.stepdefinitions.ProyectoutestStepDefinitions.findEverythingRelatedInIt(String) in file:/C:/Users/systemuser/proyectoutest/build/classes/java/test/' with pattern [^find everything related in it$] is declared with 1 parameters. However, the gherkin step has 0 arguments []. &#10;Step text: find everything related in it" type="cucumber.runtime.CucumberException">Arity mismatch: Step Definition 'proyectoutest.stepdefinitions.ProyectoutestStepDefinitions.findEverythingRelatedInIt(String) in file:/C:/Users/systemuser/proyectoutest/build/classes/java/test/' with pattern [^find everything related in it$] is declared with 1 parameters. However, the gherkin step has 0 arguments []. 
Step text: find everything related in it</error><system-err>Arity mismatch: Step Definition 'proyectoutest.stepdefinitions.ProyectoutestStepDefinitions.findEverythingRelatedInIt(String) in file:/C:/Users/systemuser/proyectoutest/build/classes/java/test/' with pattern [^find everything related in it$] is declared with 1 parameters. However, the gherkin step has 0 arguments []. 
Step text: find everything related in it&#13;
cucumber.runner.Runner.runPickle(Runner.java:80)&#13;
</system-err></testcase></testsuite>